[github.com/flipped-aurora/gin-vue-admin/server]2024/04/25 - 04:27:28.148	[34minfo[0m	/Users/morey/Downloads/projects/gin-vue-admin/server/initialize/router.go:60	register swagger handler
[github.com/flipped-aurora/gin-vue-admin/server]2024/04/25 - 04:27:28.151	[34minfo[0m	/Users/morey/Downloads/projects/gin-vue-admin/server/initialize/router.go:96	router register success
[github.com/flipped-aurora/gin-vue-admin/server]2024/04/25 - 04:27:28.151	[34minfo[0m	/Users/morey/Downloads/projects/gin-vue-admin/server/core/server.go:37	server run success on 	{"address": ":8888"}
[github.com/flipped-aurora/gin-vue-admin/server]2024/04/25 - 05:30:28.953	[34minfo[0m	/Users/morey/Downloads/projects/gin-vue-admin/server/initialize/gorm.go:61	register table success
[github.com/flipped-aurora/gin-vue-admin/server]2024/04/25 - 05:30:28.954	[34minfo[0m	/Users/morey/Downloads/projects/gin-vue-admin/server/initialize/router.go:60	register swagger handler
[github.com/flipped-aurora/gin-vue-admin/server]2024/04/25 - 05:30:28.956	[34minfo[0m	/Users/morey/Downloads/projects/gin-vue-admin/server/initialize/router.go:96	router register success
[github.com/flipped-aurora/gin-vue-admin/server]2024/04/25 - 05:30:28.957	[34minfo[0m	/Users/morey/Downloads/projects/gin-vue-admin/server/core/server.go:37	server run success on 	{"address": ":8888"}
[github.com/flipped-aurora/gin-vue-admin/server]2024/04/25 - 05:30:49.380	[34minfo[0m	/Users/morey/Downloads/projects/gin-vue-admin/server/initialize/gorm.go:61	register table success
[github.com/flipped-aurora/gin-vue-admin/server]2024/04/25 - 05:30:49.380	[34minfo[0m	/Users/morey/Downloads/projects/gin-vue-admin/server/initialize/router.go:60	register swagger handler
[github.com/flipped-aurora/gin-vue-admin/server]2024/04/25 - 05:30:49.381	[34minfo[0m	/Users/morey/Downloads/projects/gin-vue-admin/server/initialize/router.go:96	router register success
[github.com/flipped-aurora/gin-vue-admin/server]2024/04/25 - 05:30:49.381	[34minfo[0m	/Users/morey/Downloads/projects/gin-vue-admin/server/core/server.go:37	server run success on 	{"address": ":8888"}
[github.com/flipped-aurora/gin-vue-admin/server]2024/04/25 - 05:38:56.624	[34minfo[0m	/Users/morey/Downloads/projects/gin-vue-admin/server/api/v1/system/sys_initdb.go:57	æ•°æ®åº“æ— éœ€åˆå§‹åŒ–
[github.com/flipped-aurora/gin-vue-admin/server]2024/04/25 - 05:39:00.796	[34minfo[0m	/Users/morey/Downloads/projects/gin-vue-admin/server/api/v1/system/sys_initdb.go:57	æ•°æ®åº“æ— éœ€åˆå§‹åŒ–
[github.com/flipped-aurora/gin-vue-admin/server]2024/04/25 - 05:49:29.212	[34minfo[0m	/Users/morey/Downloads/projects/gin-vue-admin/server/api/v1/system/sys_initdb.go:57	æ•°æ®åº“æ— éœ€åˆå§‹åŒ–
[github.com/flipped-aurora/gin-vue-admin/server]2024/04/25 - 05:50:53.207	[34minfo[0m	/Users/morey/Downloads/projects/gin-vue-admin/server/initialize/router.go:60	register swagger handler
[github.com/flipped-aurora/gin-vue-admin/server]2024/04/25 - 05:50:53.209	[34minfo[0m	/Users/morey/Downloads/projects/gin-vue-admin/server/initialize/router.go:96	router register success
[github.com/flipped-aurora/gin-vue-admin/server]2024/04/25 - 05:50:53.209	[34minfo[0m	/Users/morey/Downloads/projects/gin-vue-admin/server/core/server.go:37	server run success on 	{"address": ":8888"}
[github.com/flipped-aurora/gin-vue-admin/server]2024/04/25 - 05:51:17.252	[34minfo[0m	/Users/morey/Downloads/projects/gin-vue-admin/server/api/v1/system/sys_initdb.go:57	å‰å¾€åˆå§‹åŒ–æ•°æ®åº“
[github.com/flipped-aurora/gin-vue-admin/server]2024/04/25 - 06:25:03.874	[34minfo[0m	/Users/morey/Downloads/projects/gin-vue-admin/server/initialize/gorm.go:61	register table success
[github.com/flipped-aurora/gin-vue-admin/server]2024/04/25 - 06:25:03.877	[34minfo[0m	/Users/morey/Downloads/projects/gin-vue-admin/server/initialize/router.go:60	register swagger handler
[github.com/flipped-aurora/gin-vue-admin/server]2024/04/25 - 06:25:03.877	[34minfo[0m	/Users/morey/Downloads/projects/gin-vue-admin/server/initialize/router.go:96	router register success
[github.com/flipped-aurora/gin-vue-admin/server]2024/04/25 - 06:25:03.877	[34minfo[0m	/Users/morey/Downloads/projects/gin-vue-admin/server/core/server.go:37	server run success on 	{"address": ":8888"}
[github.com/flipped-aurora/gin-vue-admin/server]2024/04/25 - 06:25:03.960	[34minfo[0m	/Users/morey/Downloads/projects/gin-vue-admin/server/initialize/gorm.go:61	register table success
[github.com/flipped-aurora/gin-vue-admin/server]2024/04/25 - 06:25:03.961	[34minfo[0m	/Users/morey/Downloads/projects/gin-vue-admin/server/initialize/router.go:60	register swagger handler
[github.com/flipped-aurora/gin-vue-admin/server]2024/04/25 - 06:25:03.961	[34minfo[0m	/Users/morey/Downloads/projects/gin-vue-admin/server/initialize/router.go:96	router register success
[github.com/flipped-aurora/gin-vue-admin/server]2024/04/25 - 06:25:03.961	[34minfo[0m	/Users/morey/Downloads/projects/gin-vue-admin/server/core/server.go:37	server run success on 	{"address": ":8888"}
[github.com/flipped-aurora/gin-vue-admin/server]2024/04/25 - 06:57:49.791	[34minfo[0m	/Users/morey/Downloads/projects/server/initialize/gorm.go:61	register table success
[github.com/flipped-aurora/gin-vue-admin/server]2024/04/25 - 06:57:49.792	[34minfo[0m	/Users/morey/Downloads/projects/server/initialize/router.go:60	register swagger handler
[github.com/flipped-aurora/gin-vue-admin/server]2024/04/25 - 06:57:49.794	[34minfo[0m	/Users/morey/Downloads/projects/server/initialize/router.go:96	router register success
[github.com/flipped-aurora/gin-vue-admin/server]2024/04/25 - 06:57:49.794	[34minfo[0m	/Users/morey/Downloads/projects/server/core/server.go:37	server run success on 	{"address": ":8888"}
[github.com/flipped-aurora/gin-vue-admin/server]2024/04/25 - 06:58:38.095	[34minfo[0m	/Users/morey/Downloads/projects/server/initialize/gorm.go:61	register table success
[github.com/flipped-aurora/gin-vue-admin/server]2024/04/25 - 06:58:38.095	[34minfo[0m	/Users/morey/Downloads/projects/server/initialize/router.go:60	register swagger handler
[github.com/flipped-aurora/gin-vue-admin/server]2024/04/25 - 06:58:38.097	[34minfo[0m	/Users/morey/Downloads/projects/server/initialize/router.go:96	router register success
[github.com/flipped-aurora/gin-vue-admin/server]2024/04/25 - 06:58:38.097	[34minfo[0m	/Users/morey/Downloads/projects/server/core/server.go:37	server run success on 	{"address": ":8888"}
[github.com/flipped-aurora/gin-vue-admin/server]2024/04/25 - 06:58:53.768	[34minfo[0m	/Users/morey/Downloads/projects/server/initialize/gorm.go:61	register table success
[github.com/flipped-aurora/gin-vue-admin/server]2024/04/25 - 06:58:53.768	[34minfo[0m	/Users/morey/Downloads/projects/server/initialize/router.go:60	register swagger handler
[github.com/flipped-aurora/gin-vue-admin/server]2024/04/25 - 06:58:53.769	[34minfo[0m	/Users/morey/Downloads/projects/server/initialize/router.go:96	router register success
[github.com/flipped-aurora/gin-vue-admin/server]2024/04/25 - 06:58:53.769	[34minfo[0m	/Users/morey/Downloads/projects/server/core/server.go:37	server run success on 	{"address": ":8888"}
[github.com/flipped-aurora/gin-vue-admin/server]2024/04/25 - 07:01:09.789	[34minfo[0m	/Users/morey/Downloads/projects/server/initialize/gorm.go:61	register table success
[github.com/flipped-aurora/gin-vue-admin/server]2024/04/25 - 07:01:09.789	[34minfo[0m	/Users/morey/Downloads/projects/server/initialize/router.go:60	register swagger handler
[github.com/flipped-aurora/gin-vue-admin/server]2024/04/25 - 07:01:09.790	[34minfo[0m	/Users/morey/Downloads/projects/server/initialize/router.go:97	router register success
[github.com/flipped-aurora/gin-vue-admin/server]2024/04/25 - 07:01:09.791	[34minfo[0m	/Users/morey/Downloads/projects/server/core/server.go:37	server run success on 	{"address": ":8888"}
